<?xml version="1.0" encoding="UTF-8"?>
<testsuites>
	<testsuite name="test" errors="0" skipped="0" tests="1" failures="0" time="35.404">
		<testcase name="Проверка создания номенклатуры в ERP" classname="test" time="35.404"/>
	</testsuite>
</testsuites>